05-Mar-2026 17:00:01.211 INFORMAÇÕES [main] org.apache.catalina.startup.VersionLoggerListener.log Server version name:   Apache Tomcat/9.0.87
05-Mar-2026 17:00:01.213 INFORMAÇÕES [main] org.apache.catalina.startup.VersionLoggerListener.log Server built:          Mar 11 2024 10:12:34 UTC
05-Mar-2026 17:00:01.213 INFORMAÇÕES [main] org.apache.catalina.startup.VersionLoggerListener.log Server version number: 9.0.87.0
05-Mar-2026 17:00:01.213 INFORMAÇÕES [main] org.apache.catalina.startup.VersionLoggerListener.log OS Name:               Mac OS X
05-Mar-2026 17:00:01.213 INFORMAÇÕES [main] org.apache.catalina.startup.VersionLoggerListener.log OS Version:            26.4
05-Mar-2026 17:00:01.213 INFORMAÇÕES [main] org.apache.catalina.startup.VersionLoggerListener.log Architecture:          aarch64
05-Mar-2026 17:00:01.213 INFORMAÇÕES [main] org.apache.catalina.startup.VersionLoggerListener.log Java Home:             /Library/Java/JavaVirtualMachines/temurin-25.jdk/Contents/Home
05-Mar-2026 17:00:01.213 INFORMAÇÕES [main] org.apache.catalina.startup.VersionLoggerListener.log JVM Version:           25.0.2+10-LTS
05-Mar-2026 17:00:01.213 INFORMAÇÕES [main] org.apache.catalina.startup.VersionLoggerListener.log JVM Vendor:            Eclipse Adoptium
05-Mar-2026 17:00:01.213 INFORMAÇÕES [main] org.apache.catalina.startup.VersionLoggerListener.log CATALINA_BASE:         /Users/natanaelbrentano/Documents/GerenciaWireless/GerenciaWireless/apache-tomcat-9.0.87
05-Mar-2026 17:00:01.213 INFORMAÇÕES [main] org.apache.catalina.startup.VersionLoggerListener.log CATALINA_HOME:         /Users/natanaelbrentano/Documents/GerenciaWireless/GerenciaWireless/apache-tomcat-9.0.87
05-Mar-2026 17:00:01.232 INFORMAÇÕES [main] org.apache.catalina.startup.VersionLoggerListener.log Command line argument: --add-opens=java.base/java.lang=ALL-UNNAMED
05-Mar-2026 17:00:01.232 INFORMAÇÕES [main] org.apache.catalina.startup.VersionLoggerListener.log Command line argument: --add-opens=java.base/java.io=ALL-UNNAMED
05-Mar-2026 17:00:01.232 INFORMAÇÕES [main] org.apache.catalina.startup.VersionLoggerListener.log Command line argument: --add-opens=java.base/java.util=ALL-UNNAMED
05-Mar-2026 17:00:01.232 INFORMAÇÕES [main] org.apache.catalina.startup.VersionLoggerListener.log Command line argument: --add-opens=java.base/java.util.concurrent=ALL-UNNAMED
05-Mar-2026 17:00:01.232 INFORMAÇÕES [main] org.apache.catalina.startup.VersionLoggerListener.log Command line argument: --add-opens=java.rmi/sun.rmi.transport=ALL-UNNAMED
05-Mar-2026 17:00:01.232 INFORMAÇÕES [main] org.apache.catalina.startup.VersionLoggerListener.log Command line argument: -Djava.util.logging.config.file=/Users/natanaelbrentano/Documents/GerenciaWireless/GerenciaWireless/apache-tomcat-9.0.87/conf/logging.properties
05-Mar-2026 17:00:01.232 INFORMAÇÕES [main] org.apache.catalina.startup.VersionLoggerListener.log Command line argument: -Djava.util.logging.manager=org.apache.juli.ClassLoaderLogManager
05-Mar-2026 17:00:01.232 INFORMAÇÕES [main] org.apache.catalina.startup.VersionLoggerListener.log Command line argument: -Djdk.tls.ephemeralDHKeySize=2048
05-Mar-2026 17:00:01.232 INFORMAÇÕES [main] org.apache.catalina.startup.VersionLoggerListener.log Command line argument: -Djava.protocol.handler.pkgs=org.apache.catalina.webresources
05-Mar-2026 17:00:01.232 INFORMAÇÕES [main] org.apache.catalina.startup.VersionLoggerListener.log Command line argument: -Dorg.apache.catalina.security.SecurityListener.UMASK=0027
05-Mar-2026 17:00:01.232 INFORMAÇÕES [main] org.apache.catalina.startup.VersionLoggerListener.log Command line argument: -Dignore.endorsed.dirs=
05-Mar-2026 17:00:01.233 INFORMAÇÕES [main] org.apache.catalina.startup.VersionLoggerListener.log Command line argument: -Dcatalina.base=/Users/natanaelbrentano/Documents/GerenciaWireless/GerenciaWireless/apache-tomcat-9.0.87
05-Mar-2026 17:00:01.233 INFORMAÇÕES [main] org.apache.catalina.startup.VersionLoggerListener.log Command line argument: -Dcatalina.home=/Users/natanaelbrentano/Documents/GerenciaWireless/GerenciaWireless/apache-tomcat-9.0.87
05-Mar-2026 17:00:01.233 INFORMAÇÕES [main] org.apache.catalina.startup.VersionLoggerListener.log Command line argument: -Djava.io.tmpdir=/Users/natanaelbrentano/Documents/GerenciaWireless/GerenciaWireless/apache-tomcat-9.0.87/temp
05-Mar-2026 17:00:01.239 INFORMAÇÕES [main] org.apache.catalina.core.AprLifecycleListener.lifecycleEvent The Apache Tomcat Native library which allows using OpenSSL was not found on the java.library.path: [/Users/natanaelbrentano/Library/Java/Extensions:/Library/Java/Extensions:/Network/Library/Java/Extensions:/System/Library/Java/Extensions:/usr/lib/java:.]
05-Mar-2026 17:00:01.396 INFORMAÇÕES [main] org.apache.coyote.AbstractProtocol.init Initializing ProtocolHandler ["http-nio-8080"]
05-Mar-2026 17:00:01.416 INFORMAÇÕES [main] org.apache.catalina.startup.Catalina.load Server initialization in [313] milliseconds
05-Mar-2026 17:00:01.437 INFORMAÇÕES [main] org.apache.catalina.core.StandardService.startInternal Starting service [Catalina]
05-Mar-2026 17:00:01.437 INFORMAÇÕES [main] org.apache.catalina.core.StandardEngine.startInternal Starting Servlet engine: [Apache Tomcat/9.0.87]
05-Mar-2026 17:00:01.440 INFORMAÇÕES [main] org.apache.catalina.startup.HostConfig.deployDirectory Diretório de instalação da aplicação web [/Users/natanaelbrentano/Documents/GerenciaWireless/GerenciaWireless/apache-tomcat-9.0.87/webapps/docs]
05-Mar-2026 17:00:01.573 INFORMAÇÕES [main] org.apache.catalina.startup.HostConfig.deployDirectory Deployment of web application directory [/Users/natanaelbrentano/Documents/GerenciaWireless/GerenciaWireless/apache-tomcat-9.0.87/webapps/docs] has finished in [129] ms
05-Mar-2026 17:00:01.573 INFORMAÇÕES [main] org.apache.catalina.startup.HostConfig.deployDirectory Diretório de instalação da aplicação web [/Users/natanaelbrentano/Documents/GerenciaWireless/GerenciaWireless/apache-tomcat-9.0.87/webapps/GerenciaWireless]
05-Mar-2026 17:00:01.751 INFORMAÇÕES [main] org.apache.jasper.servlet.TldScanner.scanJars At least one JAR was scanned for TLDs yet contained no TLDs. Enable debug logging for this logger for a complete list of JARs that were scanned but no TLDs were found in them. Skipping unneeded JARs during scanning can improve startup time and JSP compilation time.
05-Mar-2026 17:00:01.760 INFORMAÇÕES [main] org.apache.catalina.startup.HostConfig.deployDirectory Deployment of web application directory [/Users/natanaelbrentano/Documents/GerenciaWireless/GerenciaWireless/apache-tomcat-9.0.87/webapps/GerenciaWireless] has finished in [187] ms
05-Mar-2026 17:00:01.760 INFORMAÇÕES [main] org.apache.catalina.startup.HostConfig.deployDirectory Diretório de instalação da aplicação web [/Users/natanaelbrentano/Documents/GerenciaWireless/GerenciaWireless/apache-tomcat-9.0.87/webapps/manager]
05-Mar-2026 17:00:01.775 INFORMAÇÕES [main] org.apache.catalina.startup.HostConfig.deployDirectory Deployment of web application directory [/Users/natanaelbrentano/Documents/GerenciaWireless/GerenciaWireless/apache-tomcat-9.0.87/webapps/manager] has finished in [15] ms
05-Mar-2026 17:00:01.775 INFORMAÇÕES [main] org.apache.catalina.startup.HostConfig.deployDirectory Diretório de instalação da aplicação web [/Users/natanaelbrentano/Documents/GerenciaWireless/GerenciaWireless/apache-tomcat-9.0.87/webapps/examples]
05-Mar-2026 17:00:01.865 INFORMAÇÕES [main] org.apache.catalina.startup.HostConfig.deployDirectory Deployment of web application directory [/Users/natanaelbrentano/Documents/GerenciaWireless/GerenciaWireless/apache-tomcat-9.0.87/webapps/examples] has finished in [89] ms
05-Mar-2026 17:00:01.865 INFORMAÇÕES [main] org.apache.catalina.startup.HostConfig.deployDirectory Diretório de instalação da aplicação web [/Users/natanaelbrentano/Documents/GerenciaWireless/GerenciaWireless/apache-tomcat-9.0.87/webapps/ROOT]
05-Mar-2026 17:00:01.871 INFORMAÇÕES [main] org.apache.catalina.startup.HostConfig.deployDirectory Deployment of web application directory [/Users/natanaelbrentano/Documents/GerenciaWireless/GerenciaWireless/apache-tomcat-9.0.87/webapps/ROOT] has finished in [6] ms
05-Mar-2026 17:00:01.871 INFORMAÇÕES [main] org.apache.catalina.startup.HostConfig.deployDirectory Diretório de instalação da aplicação web [/Users/natanaelbrentano/Documents/GerenciaWireless/GerenciaWireless/apache-tomcat-9.0.87/webapps/host-manager]
05-Mar-2026 17:00:01.878 INFORMAÇÕES [main] org.apache.catalina.startup.HostConfig.deployDirectory Deployment of web application directory [/Users/natanaelbrentano/Documents/GerenciaWireless/GerenciaWireless/apache-tomcat-9.0.87/webapps/host-manager] has finished in [7] ms
05-Mar-2026 17:00:01.879 INFORMAÇÕES [main] org.apache.coyote.AbstractProtocol.start Starting ProtocolHandler ["http-nio-8080"]
05-Mar-2026 17:00:01.885 INFORMAÇÕES [main] org.apache.catalina.startup.Catalina.start Server startup in [467] milliseconds
05-Mar-2026 17:02:02.174 INFORMAÇÕES [main] org.apache.catalina.core.StandardServer.await A valid shutdown command was received via the shutdown port. Stopping the Server instance.
05-Mar-2026 17:02:02.177 INFORMAÇÕES [main] org.apache.coyote.AbstractProtocol.pause Pausing ProtocolHandler ["http-nio-8080"]
05-Mar-2026 17:02:03.187 INFORMAÇÕES [main] org.apache.catalina.core.StandardService.stopInternal Stopping service [Catalina]
05-Mar-2026 17:02:03.215 INFORMAÇÕES [main] org.apache.coyote.AbstractProtocol.stop Stopping ProtocolHandler ["http-nio-8080"]
05-Mar-2026 17:02:05.629 INFORMAÇÕES [main] org.apache.catalina.startup.VersionLoggerListener.log Server version name:   Apache Tomcat/9.0.87
05-Mar-2026 17:02:05.632 INFORMAÇÕES [main] org.apache.catalina.startup.VersionLoggerListener.log Server built:          Mar 11 2024 10:12:34 UTC
05-Mar-2026 17:02:05.632 INFORMAÇÕES [main] org.apache.catalina.startup.VersionLoggerListener.log Server version number: 9.0.87.0
05-Mar-2026 17:02:05.633 INFORMAÇÕES [main] org.apache.catalina.startup.VersionLoggerListener.log OS Name:               Mac OS X
05-Mar-2026 17:02:05.633 INFORMAÇÕES [main] org.apache.catalina.startup.VersionLoggerListener.log OS Version:            26.4
05-Mar-2026 17:02:05.633 INFORMAÇÕES [main] org.apache.catalina.startup.VersionLoggerListener.log Architecture:          aarch64
05-Mar-2026 17:02:05.634 INFORMAÇÕES [main] org.apache.catalina.startup.VersionLoggerListener.log Java Home:             /Library/Java/JavaVirtualMachines/temurin-25.jdk/Contents/Home
05-Mar-2026 17:02:05.634 INFORMAÇÕES [main] org.apache.catalina.startup.VersionLoggerListener.log JVM Version:           25.0.2+10-LTS
05-Mar-2026 17:02:05.634 INFORMAÇÕES [main] org.apache.catalina.startup.VersionLoggerListener.log JVM Vendor:            Eclipse Adoptium
05-Mar-2026 17:02:05.634 INFORMAÇÕES [main] org.apache.catalina.startup.VersionLoggerListener.log CATALINA_BASE:         /Users/natanaelbrentano/Documents/GerenciaWireless/GerenciaWireless/apache-tomcat-9.0.87
05-Mar-2026 17:02:05.634 INFORMAÇÕES [main] org.apache.catalina.startup.VersionLoggerListener.log CATALINA_HOME:         /Users/natanaelbrentano/Documents/GerenciaWireless/GerenciaWireless/apache-tomcat-9.0.87
05-Mar-2026 17:02:05.652 INFORMAÇÕES [main] org.apache.catalina.startup.VersionLoggerListener.log Command line argument: --add-opens=java.base/java.lang=ALL-UNNAMED
05-Mar-2026 17:02:05.653 INFORMAÇÕES [main] org.apache.catalina.startup.VersionLoggerListener.log Command line argument: --add-opens=java.base/java.io=ALL-UNNAMED
05-Mar-2026 17:02:05.653 INFORMAÇÕES [main] org.apache.catalina.startup.VersionLoggerListener.log Command line argument: --add-opens=java.base/java.util=ALL-UNNAMED
05-Mar-2026 17:02:05.653 INFORMAÇÕES [main] org.apache.catalina.startup.VersionLoggerListener.log Command line argument: --add-opens=java.base/java.util.concurrent=ALL-UNNAMED
05-Mar-2026 17:02:05.654 INFORMAÇÕES [main] org.apache.catalina.startup.VersionLoggerListener.log Command line argument: --add-opens=java.rmi/sun.rmi.transport=ALL-UNNAMED
05-Mar-2026 17:02:05.654 INFORMAÇÕES [main] org.apache.catalina.startup.VersionLoggerListener.log Command line argument: -Djava.util.logging.config.file=/Users/natanaelbrentano/Documents/GerenciaWireless/GerenciaWireless/apache-tomcat-9.0.87/conf/logging.properties
05-Mar-2026 17:02:05.654 INFORMAÇÕES [main] org.apache.catalina.startup.VersionLoggerListener.log Command line argument: -Djava.util.logging.manager=org.apache.juli.ClassLoaderLogManager
05-Mar-2026 17:02:05.654 INFORMAÇÕES [main] org.apache.catalina.startup.VersionLoggerListener.log Command line argument: -Djdk.tls.ephemeralDHKeySize=2048
05-Mar-2026 17:02:05.656 INFORMAÇÕES [main] org.apache.catalina.startup.VersionLoggerListener.log Command line argument: -Djava.protocol.handler.pkgs=org.apache.catalina.webresources
05-Mar-2026 17:02:05.656 INFORMAÇÕES [main] org.apache.catalina.startup.VersionLoggerListener.log Command line argument: -Dorg.apache.catalina.security.SecurityListener.UMASK=0027
05-Mar-2026 17:02:05.656 INFORMAÇÕES [main] org.apache.catalina.startup.VersionLoggerListener.log Command line argument: -Dignore.endorsed.dirs=
05-Mar-2026 17:02:05.656 INFORMAÇÕES [main] org.apache.catalina.startup.VersionLoggerListener.log Command line argument: -Dcatalina.base=/Users/natanaelbrentano/Documents/GerenciaWireless/GerenciaWireless/apache-tomcat-9.0.87
05-Mar-2026 17:02:05.656 INFORMAÇÕES [main] org.apache.catalina.startup.VersionLoggerListener.log Command line argument: -Dcatalina.home=/Users/natanaelbrentano/Documents/GerenciaWireless/GerenciaWireless/apache-tomcat-9.0.87
05-Mar-2026 17:02:05.656 INFORMAÇÕES [main] org.apache.catalina.startup.VersionLoggerListener.log Command line argument: -Djava.io.tmpdir=/Users/natanaelbrentano/Documents/GerenciaWireless/GerenciaWireless/apache-tomcat-9.0.87/temp
05-Mar-2026 17:02:05.677 INFORMAÇÕES [main] org.apache.catalina.core.AprLifecycleListener.lifecycleEvent The Apache Tomcat Native library which allows using OpenSSL was not found on the java.library.path: [/Users/natanaelbrentano/Library/Java/Extensions:/Library/Java/Extensions:/Network/Library/Java/Extensions:/System/Library/Java/Extensions:/usr/lib/java:.]
05-Mar-2026 17:02:05.916 INFORMAÇÕES [main] org.apache.coyote.AbstractProtocol.init Initializing ProtocolHandler ["http-nio-8080"]
05-Mar-2026 17:02:05.930 GRAVE [main] org.apache.catalina.util.LifecycleBase.handleSubClassException Failed to initialize component [Connector["http-nio-8080"]]
	org.apache.catalina.LifecycleException: Protocol handler initialization failed
		at org.apache.catalina.connector.Connector.initInternal(Connector.java:1011)
		at org.apache.catalina.util.LifecycleBase.init(LifecycleBase.java:127)
		at org.apache.catalina.core.StandardService.initInternal(StandardService.java:554)
		at org.apache.catalina.util.LifecycleBase.init(LifecycleBase.java:127)
		at org.apache.catalina.core.StandardServer.initInternal(StandardServer.java:1046)
		at org.apache.catalina.util.LifecycleBase.init(LifecycleBase.java:127)
		at org.apache.catalina.startup.Catalina.load(Catalina.java:686)
		at org.apache.catalina.startup.Catalina.load(Catalina.java:709)
		at java.base/jdk.internal.reflect.DirectMethodHandleAccessor.invoke(DirectMethodHandleAccessor.java:104)
		at java.base/java.lang.reflect.Method.invoke(Method.java:565)
		at org.apache.catalina.startup.Bootstrap.load(Bootstrap.java:302)
		at org.apache.catalina.startup.Bootstrap.main(Bootstrap.java:472)
	Caused by: java.net.BindException: Address already in use
		at java.base/sun.nio.ch.Net.bind0(Native Method)
		at java.base/sun.nio.ch.Net.bind(Net.java:522)
		at java.base/sun.nio.ch.ServerSocketChannelImpl.netBind(ServerSocketChannelImpl.java:335)
		at java.base/sun.nio.ch.ServerSocketChannelImpl.bind(ServerSocketChannelImpl.java:297)
		at org.apache.tomcat.util.net.NioEndpoint.initServerSocket(NioEndpoint.java:268)
		at org.apache.tomcat.util.net.NioEndpoint.bind(NioEndpoint.java:223)
		at org.apache.tomcat.util.net.AbstractEndpoint.bindWithCleanup(AbstractEndpoint.java:1334)
		at org.apache.tomcat.util.net.AbstractEndpoint.init(AbstractEndpoint.java:1347)
		at org.apache.coyote.AbstractProtocol.init(AbstractProtocol.java:654)
		at org.apache.coyote.http11.AbstractHttp11Protocol.init(AbstractHttp11Protocol.java:75)
		at org.apache.catalina.connector.Connector.initInternal(Connector.java:1009)
		... 11 more
05-Mar-2026 17:02:05.930 INFORMAÇÕES [main] org.apache.catalina.startup.Catalina.load Server initialization in [531] milliseconds
05-Mar-2026 17:02:05.948 INFORMAÇÕES [main] org.apache.catalina.core.StandardService.startInternal Starting service [Catalina]
05-Mar-2026 17:02:05.948 INFORMAÇÕES [main] org.apache.catalina.core.StandardEngine.startInternal Starting Servlet engine: [Apache Tomcat/9.0.87]
05-Mar-2026 17:02:05.952 INFORMAÇÕES [main] org.apache.catalina.startup.HostConfig.deployDirectory Diretório de instalação da aplicação web [/Users/natanaelbrentano/Documents/GerenciaWireless/GerenciaWireless/apache-tomcat-9.0.87/webapps/docs]
05-Mar-2026 17:02:06.083 INFORMAÇÕES [main] org.apache.catalina.startup.HostConfig.deployDirectory Deployment of web application directory [/Users/natanaelbrentano/Documents/GerenciaWireless/GerenciaWireless/apache-tomcat-9.0.87/webapps/docs] has finished in [128] ms
05-Mar-2026 17:02:06.083 INFORMAÇÕES [main] org.apache.catalina.startup.HostConfig.deployDirectory Diretório de instalação da aplicação web [/Users/natanaelbrentano/Documents/GerenciaWireless/GerenciaWireless/apache-tomcat-9.0.87/webapps/GerenciaWireless]
05-Mar-2026 17:02:06.252 INFORMAÇÕES [main] org.apache.jasper.servlet.TldScanner.scanJars At least one JAR was scanned for TLDs yet contained no TLDs. Enable debug logging for this logger for a complete list of JARs that were scanned but no TLDs were found in them. Skipping unneeded JARs during scanning can improve startup time and JSP compilation time.
05-Mar-2026 17:02:06.264 INFORMAÇÕES [main] org.apache.catalina.startup.HostConfig.deployDirectory Deployment of web application directory [/Users/natanaelbrentano/Documents/GerenciaWireless/GerenciaWireless/apache-tomcat-9.0.87/webapps/GerenciaWireless] has finished in [181] ms
05-Mar-2026 17:02:06.264 INFORMAÇÕES [main] org.apache.catalina.startup.HostConfig.deployDirectory Diretório de instalação da aplicação web [/Users/natanaelbrentano/Documents/GerenciaWireless/GerenciaWireless/apache-tomcat-9.0.87/webapps/manager]
05-Mar-2026 17:02:06.280 INFORMAÇÕES [main] org.apache.catalina.startup.HostConfig.deployDirectory Deployment of web application directory [/Users/natanaelbrentano/Documents/GerenciaWireless/GerenciaWireless/apache-tomcat-9.0.87/webapps/manager] has finished in [16] ms
05-Mar-2026 17:02:06.280 INFORMAÇÕES [main] org.apache.catalina.startup.HostConfig.deployDirectory Diretório de instalação da aplicação web [/Users/natanaelbrentano/Documents/GerenciaWireless/GerenciaWireless/apache-tomcat-9.0.87/webapps/examples]
05-Mar-2026 17:02:06.375 INFORMAÇÕES [main] org.apache.catalina.startup.HostConfig.deployDirectory Deployment of web application directory [/Users/natanaelbrentano/Documents/GerenciaWireless/GerenciaWireless/apache-tomcat-9.0.87/webapps/examples] has finished in [95] ms
05-Mar-2026 17:02:06.375 INFORMAÇÕES [main] org.apache.catalina.startup.HostConfig.deployDirectory Diretório de instalação da aplicação web [/Users/natanaelbrentano/Documents/GerenciaWireless/GerenciaWireless/apache-tomcat-9.0.87/webapps/ROOT]
05-Mar-2026 17:02:06.381 INFORMAÇÕES [main] org.apache.catalina.startup.HostConfig.deployDirectory Deployment of web application directory [/Users/natanaelbrentano/Documents/GerenciaWireless/GerenciaWireless/apache-tomcat-9.0.87/webapps/ROOT] has finished in [6] ms
05-Mar-2026 17:02:06.381 INFORMAÇÕES [main] org.apache.catalina.startup.HostConfig.deployDirectory Diretório de instalação da aplicação web [/Users/natanaelbrentano/Documents/GerenciaWireless/GerenciaWireless/apache-tomcat-9.0.87/webapps/host-manager]
05-Mar-2026 17:02:06.387 INFORMAÇÕES [main] org.apache.catalina.startup.HostConfig.deployDirectory Deployment of web application directory [/Users/natanaelbrentano/Documents/GerenciaWireless/GerenciaWireless/apache-tomcat-9.0.87/webapps/host-manager] has finished in [6] ms
05-Mar-2026 17:02:06.389 INFORMAÇÕES [main] org.apache.catalina.startup.Catalina.start Server startup in [458] milliseconds
05-Mar-2026 17:02:11.660 INFORMAÇÕES [main] org.apache.coyote.AbstractProtocol.destroy Destroying ProtocolHandler ["http-nio-8080"]
05-Mar-2026 17:03:00.902 INFORMAÇÕES [main] org.apache.catalina.startup.VersionLoggerListener.log Server version name:   Apache Tomcat/9.0.87
05-Mar-2026 17:03:00.903 INFORMAÇÕES [main] org.apache.catalina.startup.VersionLoggerListener.log Server built:          Mar 11 2024 10:12:34 UTC
05-Mar-2026 17:03:00.904 INFORMAÇÕES [main] org.apache.catalina.startup.VersionLoggerListener.log Server version number: 9.0.87.0
05-Mar-2026 17:03:00.904 INFORMAÇÕES [main] org.apache.catalina.startup.VersionLoggerListener.log OS Name:               Mac OS X
05-Mar-2026 17:03:00.904 INFORMAÇÕES [main] org.apache.catalina.startup.VersionLoggerListener.log OS Version:            26.4
05-Mar-2026 17:03:00.904 INFORMAÇÕES [main] org.apache.catalina.startup.VersionLoggerListener.log Architecture:          aarch64
05-Mar-2026 17:03:00.904 INFORMAÇÕES [main] org.apache.catalina.startup.VersionLoggerListener.log Java Home:             /Library/Java/JavaVirtualMachines/temurin-25.jdk/Contents/Home
05-Mar-2026 17:03:00.904 INFORMAÇÕES [main] org.apache.catalina.startup.VersionLoggerListener.log JVM Version:           25.0.2+10-LTS
05-Mar-2026 17:03:00.904 INFORMAÇÕES [main] org.apache.catalina.startup.VersionLoggerListener.log JVM Vendor:            Eclipse Adoptium
05-Mar-2026 17:03:00.904 INFORMAÇÕES [main] org.apache.catalina.startup.VersionLoggerListener.log CATALINA_BASE:         /Users/natanaelbrentano/Documents/GerenciaWireless/GerenciaWireless/apache-tomcat-9.0.87
05-Mar-2026 17:03:00.904 INFORMAÇÕES [main] org.apache.catalina.startup.VersionLoggerListener.log CATALINA_HOME:         /Users/natanaelbrentano/Documents/GerenciaWireless/GerenciaWireless/apache-tomcat-9.0.87
05-Mar-2026 17:03:00.914 INFORMAÇÕES [main] org.apache.catalina.startup.VersionLoggerListener.log Command line argument: --add-opens=java.base/java.lang=ALL-UNNAMED
05-Mar-2026 17:03:00.915 INFORMAÇÕES [main] org.apache.catalina.startup.VersionLoggerListener.log Command line argument: --add-opens=java.base/java.io=ALL-UNNAMED
05-Mar-2026 17:03:00.915 INFORMAÇÕES [main] org.apache.catalina.startup.VersionLoggerListener.log Command line argument: --add-opens=java.base/java.util=ALL-UNNAMED
05-Mar-2026 17:03:00.915 INFORMAÇÕES [main] org.apache.catalina.startup.VersionLoggerListener.log Command line argument: --add-opens=java.base/java.util.concurrent=ALL-UNNAMED
05-Mar-2026 17:03:00.915 INFORMAÇÕES [main] org.apache.catalina.startup.VersionLoggerListener.log Command line argument: --add-opens=java.rmi/sun.rmi.transport=ALL-UNNAMED
05-Mar-2026 17:03:00.915 INFORMAÇÕES [main] org.apache.catalina.startup.VersionLoggerListener.log Command line argument: -Djava.util.logging.config.file=/Users/natanaelbrentano/Documents/GerenciaWireless/GerenciaWireless/apache-tomcat-9.0.87/conf/logging.properties
05-Mar-2026 17:03:00.915 INFORMAÇÕES [main] org.apache.catalina.startup.VersionLoggerListener.log Command line argument: -Djava.util.logging.manager=org.apache.juli.ClassLoaderLogManager
05-Mar-2026 17:03:00.915 INFORMAÇÕES [main] org.apache.catalina.startup.VersionLoggerListener.log Command line argument: -Djdk.tls.ephemeralDHKeySize=2048
05-Mar-2026 17:03:00.915 INFORMAÇÕES [main] org.apache.catalina.startup.VersionLoggerListener.log Command line argument: -Djava.protocol.handler.pkgs=org.apache.catalina.webresources
05-Mar-2026 17:03:00.915 INFORMAÇÕES [main] org.apache.catalina.startup.VersionLoggerListener.log Command line argument: -Dorg.apache.catalina.security.SecurityListener.UMASK=0027
05-Mar-2026 17:03:00.916 INFORMAÇÕES [main] org.apache.catalina.startup.VersionLoggerListener.log Command line argument: -Dignore.endorsed.dirs=
05-Mar-2026 17:03:00.916 INFORMAÇÕES [main] org.apache.catalina.startup.VersionLoggerListener.log Command line argument: -Dcatalina.base=/Users/natanaelbrentano/Documents/GerenciaWireless/GerenciaWireless/apache-tomcat-9.0.87
05-Mar-2026 17:03:00.916 INFORMAÇÕES [main] org.apache.catalina.startup.VersionLoggerListener.log Command line argument: -Dcatalina.home=/Users/natanaelbrentano/Documents/GerenciaWireless/GerenciaWireless/apache-tomcat-9.0.87
05-Mar-2026 17:03:00.916 INFORMAÇÕES [main] org.apache.catalina.startup.VersionLoggerListener.log Command line argument: -Djava.io.tmpdir=/Users/natanaelbrentano/Documents/GerenciaWireless/GerenciaWireless/apache-tomcat-9.0.87/temp
05-Mar-2026 17:03:00.922 INFORMAÇÕES [main] org.apache.catalina.core.AprLifecycleListener.lifecycleEvent The Apache Tomcat Native library which allows using OpenSSL was not found on the java.library.path: [/Users/natanaelbrentano/Library/Java/Extensions:/Library/Java/Extensions:/Network/Library/Java/Extensions:/System/Library/Java/Extensions:/usr/lib/java:.]
05-Mar-2026 17:03:01.068 INFORMAÇÕES [main] org.apache.coyote.AbstractProtocol.init Initializing ProtocolHandler ["http-nio-8080"]
05-Mar-2026 17:03:01.086 INFORMAÇÕES [main] org.apache.catalina.startup.Catalina.load Server initialization in [286] milliseconds
05-Mar-2026 17:03:01.106 INFORMAÇÕES [main] org.apache.catalina.core.StandardService.startInternal Starting service [Catalina]
05-Mar-2026 17:03:01.106 INFORMAÇÕES [main] org.apache.catalina.core.StandardEngine.startInternal Starting Servlet engine: [Apache Tomcat/9.0.87]
05-Mar-2026 17:03:01.109 INFORMAÇÕES [main] org.apache.catalina.startup.HostConfig.deployDirectory Diretório de instalação da aplicação web [/Users/natanaelbrentano/Documents/GerenciaWireless/GerenciaWireless/apache-tomcat-9.0.87/webapps/docs]
05-Mar-2026 17:03:01.236 INFORMAÇÕES [main] org.apache.catalina.startup.HostConfig.deployDirectory Deployment of web application directory [/Users/natanaelbrentano/Documents/GerenciaWireless/GerenciaWireless/apache-tomcat-9.0.87/webapps/docs] has finished in [123] ms
05-Mar-2026 17:03:01.236 INFORMAÇÕES [main] org.apache.catalina.startup.HostConfig.deployDirectory Diretório de instalação da aplicação web [/Users/natanaelbrentano/Documents/GerenciaWireless/GerenciaWireless/apache-tomcat-9.0.87/webapps/GerenciaWireless]
05-Mar-2026 17:03:01.407 INFORMAÇÕES [main] org.apache.jasper.servlet.TldScanner.scanJars At least one JAR was scanned for TLDs yet contained no TLDs. Enable debug logging for this logger for a complete list of JARs that were scanned but no TLDs were found in them. Skipping unneeded JARs during scanning can improve startup time and JSP compilation time.
05-Mar-2026 17:03:01.416 INFORMAÇÕES [main] org.apache.catalina.startup.HostConfig.deployDirectory Deployment of web application directory [/Users/natanaelbrentano/Documents/GerenciaWireless/GerenciaWireless/apache-tomcat-9.0.87/webapps/GerenciaWireless] has finished in [180] ms
05-Mar-2026 17:03:01.416 INFORMAÇÕES [main] org.apache.catalina.startup.HostConfig.deployDirectory Diretório de instalação da aplicação web [/Users/natanaelbrentano/Documents/GerenciaWireless/GerenciaWireless/apache-tomcat-9.0.87/webapps/manager]
05-Mar-2026 17:03:01.430 INFORMAÇÕES [main] org.apache.catalina.startup.HostConfig.deployDirectory Deployment of web application directory [/Users/natanaelbrentano/Documents/GerenciaWireless/GerenciaWireless/apache-tomcat-9.0.87/webapps/manager] has finished in [14] ms
05-Mar-2026 17:03:01.430 INFORMAÇÕES [main] org.apache.catalina.startup.HostConfig.deployDirectory Diretório de instalação da aplicação web [/Users/natanaelbrentano/Documents/GerenciaWireless/GerenciaWireless/apache-tomcat-9.0.87/webapps/examples]
05-Mar-2026 17:03:01.515 INFORMAÇÕES [main] org.apache.catalina.startup.HostConfig.deployDirectory Deployment of web application directory [/Users/natanaelbrentano/Documents/GerenciaWireless/GerenciaWireless/apache-tomcat-9.0.87/webapps/examples] has finished in [85] ms
05-Mar-2026 17:03:01.515 INFORMAÇÕES [main] org.apache.catalina.startup.HostConfig.deployDirectory Diretório de instalação da aplicação web [/Users/natanaelbrentano/Documents/GerenciaWireless/GerenciaWireless/apache-tomcat-9.0.87/webapps/ROOT]
05-Mar-2026 17:03:01.521 INFORMAÇÕES [main] org.apache.catalina.startup.HostConfig.deployDirectory Deployment of web application directory [/Users/natanaelbrentano/Documents/GerenciaWireless/GerenciaWireless/apache-tomcat-9.0.87/webapps/ROOT] has finished in [6] ms
05-Mar-2026 17:03:01.521 INFORMAÇÕES [main] org.apache.catalina.startup.HostConfig.deployDirectory Diretório de instalação da aplicação web [/Users/natanaelbrentano/Documents/GerenciaWireless/GerenciaWireless/apache-tomcat-9.0.87/webapps/host-manager]
05-Mar-2026 17:03:01.529 INFORMAÇÕES [main] org.apache.catalina.startup.HostConfig.deployDirectory Deployment of web application directory [/Users/natanaelbrentano/Documents/GerenciaWireless/GerenciaWireless/apache-tomcat-9.0.87/webapps/host-manager] has finished in [7] ms
05-Mar-2026 17:03:01.530 INFORMAÇÕES [main] org.apache.coyote.AbstractProtocol.start Starting ProtocolHandler ["http-nio-8080"]
05-Mar-2026 17:03:01.535 INFORMAÇÕES [main] org.apache.catalina.startup.Catalina.start Server startup in [448] milliseconds
05-Mar-2026 17:03:01.552 GRAVE [main] org.apache.catalina.core.StandardServer.await Failed to create server shutdown socket on address [localhost] and port [8005] (base port [8005] and offset [0])
	java.net.BindException: Address already in use
		at java.base/sun.nio.ch.Net.bind0(Native Method)
		at java.base/sun.nio.ch.Net.bind(Net.java:522)
		at java.base/sun.nio.ch.Net.bind(Net.java:511)
		at java.base/sun.nio.ch.NioSocketImpl.bind(NioSocketImpl.java:641)
		at java.base/java.net.ServerSocket.bind(ServerSocket.java:326)
		at java.base/java.net.ServerSocket.<init>(ServerSocket.java:222)
		at org.apache.catalina.core.StandardServer.await(StandardServer.java:581)
		at org.apache.catalina.startup.Catalina.await(Catalina.java:825)
		at org.apache.catalina.startup.Catalina.start(Catalina.java:773)
		at java.base/jdk.internal.reflect.DirectMethodHandleAccessor.invoke(DirectMethodHandleAccessor.java:104)
		at java.base/java.lang.reflect.Method.invoke(Method.java:565)
		at org.apache.catalina.startup.Bootstrap.start(Bootstrap.java:345)
		at org.apache.catalina.startup.Bootstrap.main(Bootstrap.java:473)
05-Mar-2026 17:03:01.553 INFORMAÇÕES [main] org.apache.coyote.AbstractProtocol.pause Pausing ProtocolHandler ["http-nio-8080"]
05-Mar-2026 17:03:02.580 INFORMAÇÕES [main] org.apache.catalina.core.StandardService.stopInternal Stopping service [Catalina]
05-Mar-2026 17:03:02.613 INFORMAÇÕES [main] org.apache.coyote.AbstractProtocol.stop Stopping ProtocolHandler ["http-nio-8080"]
05-Mar-2026 17:03:12.634 ADVERTÊNCIA [main] org.apache.tomcat.util.net.Acceptor.stop The acceptor thread [http-nio-8080-Acceptor] did not stop cleanly
05-Mar-2026 17:03:12.669 INFORMAÇÕES [main] org.apache.coyote.AbstractProtocol.destroy Destroying ProtocolHandler ["http-nio-8080"]
05-Mar-2026 17:05:27.559 INFORMAÇÕES [main] org.apache.catalina.startup.VersionLoggerListener.log Server version name:   Apache Tomcat/9.0.87
05-Mar-2026 17:05:27.562 INFORMAÇÕES [main] org.apache.catalina.startup.VersionLoggerListener.log Server built:          Mar 11 2024 10:12:34 UTC
05-Mar-2026 17:05:27.562 INFORMAÇÕES [main] org.apache.catalina.startup.VersionLoggerListener.log Server version number: 9.0.87.0
05-Mar-2026 17:05:27.562 INFORMAÇÕES [main] org.apache.catalina.startup.VersionLoggerListener.log OS Name:               Mac OS X
05-Mar-2026 17:05:27.562 INFORMAÇÕES [main] org.apache.catalina.startup.VersionLoggerListener.log OS Version:            26.4
05-Mar-2026 17:05:27.562 INFORMAÇÕES [main] org.apache.catalina.startup.VersionLoggerListener.log Architecture:          aarch64
05-Mar-2026 17:05:27.562 INFORMAÇÕES [main] org.apache.catalina.startup.VersionLoggerListener.log Java Home:             /Library/Java/JavaVirtualMachines/temurin-25.jdk/Contents/Home
05-Mar-2026 17:05:27.562 INFORMAÇÕES [main] org.apache.catalina.startup.VersionLoggerListener.log JVM Version:           25.0.2+10-LTS
05-Mar-2026 17:05:27.562 INFORMAÇÕES [main] org.apache.catalina.startup.VersionLoggerListener.log JVM Vendor:            Eclipse Adoptium
05-Mar-2026 17:05:27.562 INFORMAÇÕES [main] org.apache.catalina.startup.VersionLoggerListener.log CATALINA_BASE:         /Users/natanaelbrentano/Documents/GerenciaWireless/GerenciaWireless/apache-tomcat-9.0.87
05-Mar-2026 17:05:27.562 INFORMAÇÕES [main] org.apache.catalina.startup.VersionLoggerListener.log CATALINA_HOME:         /Users/natanaelbrentano/Documents/GerenciaWireless/GerenciaWireless/apache-tomcat-9.0.87
05-Mar-2026 17:05:27.573 INFORMAÇÕES [main] org.apache.catalina.startup.VersionLoggerListener.log Command line argument: --add-opens=java.base/java.lang=ALL-UNNAMED
05-Mar-2026 17:05:27.573 INFORMAÇÕES [main] org.apache.catalina.startup.VersionLoggerListener.log Command line argument: --add-opens=java.base/java.io=ALL-UNNAMED
05-Mar-2026 17:05:27.573 INFORMAÇÕES [main] org.apache.catalina.startup.VersionLoggerListener.log Command line argument: --add-opens=java.base/java.util=ALL-UNNAMED
05-Mar-2026 17:05:27.573 INFORMAÇÕES [main] org.apache.catalina.startup.VersionLoggerListener.log Command line argument: --add-opens=java.base/java.util.concurrent=ALL-UNNAMED
05-Mar-2026 17:05:27.573 INFORMAÇÕES [main] org.apache.catalina.startup.VersionLoggerListener.log Command line argument: --add-opens=java.rmi/sun.rmi.transport=ALL-UNNAMED
05-Mar-2026 17:05:27.573 INFORMAÇÕES [main] org.apache.catalina.startup.VersionLoggerListener.log Command line argument: -Djava.util.logging.config.file=/Users/natanaelbrentano/Documents/GerenciaWireless/GerenciaWireless/apache-tomcat-9.0.87/conf/logging.properties
05-Mar-2026 17:05:27.573 INFORMAÇÕES [main] org.apache.catalina.startup.VersionLoggerListener.log Command line argument: -Djava.util.logging.manager=org.apache.juli.ClassLoaderLogManager
05-Mar-2026 17:05:27.573 INFORMAÇÕES [main] org.apache.catalina.startup.VersionLoggerListener.log Command line argument: -Djdk.tls.ephemeralDHKeySize=2048
05-Mar-2026 17:05:27.573 INFORMAÇÕES [main] org.apache.catalina.startup.VersionLoggerListener.log Command line argument: -Djava.protocol.handler.pkgs=org.apache.catalina.webresources
05-Mar-2026 17:05:27.573 INFORMAÇÕES [main] org.apache.catalina.startup.VersionLoggerListener.log Command line argument: -Dorg.apache.catalina.security.SecurityListener.UMASK=0027
05-Mar-2026 17:05:27.573 INFORMAÇÕES [main] org.apache.catalina.startup.VersionLoggerListener.log Command line argument: -Dignore.endorsed.dirs=
05-Mar-2026 17:05:27.573 INFORMAÇÕES [main] org.apache.catalina.startup.VersionLoggerListener.log Command line argument: -Dcatalina.base=/Users/natanaelbrentano/Documents/GerenciaWireless/GerenciaWireless/apache-tomcat-9.0.87
05-Mar-2026 17:05:27.573 INFORMAÇÕES [main] org.apache.catalina.startup.VersionLoggerListener.log Command line argument: -Dcatalina.home=/Users/natanaelbrentano/Documents/GerenciaWireless/GerenciaWireless/apache-tomcat-9.0.87
05-Mar-2026 17:05:27.573 INFORMAÇÕES [main] org.apache.catalina.startup.VersionLoggerListener.log Command line argument: -Djava.io.tmpdir=/Users/natanaelbrentano/Documents/GerenciaWireless/GerenciaWireless/apache-tomcat-9.0.87/temp
05-Mar-2026 17:05:27.580 INFORMAÇÕES [main] org.apache.catalina.core.AprLifecycleListener.lifecycleEvent The Apache Tomcat Native library which allows using OpenSSL was not found on the java.library.path: [/Users/natanaelbrentano/Library/Java/Extensions:/Library/Java/Extensions:/Network/Library/Java/Extensions:/System/Library/Java/Extensions:/usr/lib/java:.]
05-Mar-2026 17:05:27.773 INFORMAÇÕES [main] org.apache.coyote.AbstractProtocol.init Initializing ProtocolHandler ["http-nio-8080"]
05-Mar-2026 17:05:27.800 INFORMAÇÕES [main] org.apache.catalina.startup.Catalina.load Server initialization in [393] milliseconds
05-Mar-2026 17:05:27.825 INFORMAÇÕES [main] org.apache.catalina.core.StandardService.startInternal Starting service [Catalina]
05-Mar-2026 17:05:27.825 INFORMAÇÕES [main] org.apache.catalina.core.StandardEngine.startInternal Starting Servlet engine: [Apache Tomcat/9.0.87]
05-Mar-2026 17:05:27.828 INFORMAÇÕES [main] org.apache.catalina.startup.HostConfig.deployDirectory Diretório de instalação da aplicação web [/Users/natanaelbrentano/Documents/GerenciaWireless/GerenciaWireless/apache-tomcat-9.0.87/webapps/docs]
05-Mar-2026 17:05:27.967 INFORMAÇÕES [main] org.apache.catalina.startup.HostConfig.deployDirectory Deployment of web application directory [/Users/natanaelbrentano/Documents/GerenciaWireless/GerenciaWireless/apache-tomcat-9.0.87/webapps/docs] has finished in [135] ms
05-Mar-2026 17:05:27.968 INFORMAÇÕES [main] org.apache.catalina.startup.HostConfig.deployDirectory Diretório de instalação da aplicação web [/Users/natanaelbrentano/Documents/GerenciaWireless/GerenciaWireless/apache-tomcat-9.0.87/webapps/GerenciaWireless]
05-Mar-2026 17:05:28.159 INFORMAÇÕES [main] org.apache.jasper.servlet.TldScanner.scanJars At least one JAR was scanned for TLDs yet contained no TLDs. Enable debug logging for this logger for a complete list of JARs that were scanned but no TLDs were found in them. Skipping unneeded JARs during scanning can improve startup time and JSP compilation time.
05-Mar-2026 17:05:28.170 INFORMAÇÕES [main] org.apache.catalina.startup.HostConfig.deployDirectory Deployment of web application directory [/Users/natanaelbrentano/Documents/GerenciaWireless/GerenciaWireless/apache-tomcat-9.0.87/webapps/GerenciaWireless] has finished in [202] ms
05-Mar-2026 17:05:28.170 INFORMAÇÕES [main] org.apache.catalina.startup.HostConfig.deployDirectory Diretório de instalação da aplicação web [/Users/natanaelbrentano/Documents/GerenciaWireless/GerenciaWireless/apache-tomcat-9.0.87/webapps/manager]
05-Mar-2026 17:05:28.188 INFORMAÇÕES [main] org.apache.catalina.startup.HostConfig.deployDirectory Deployment of web application directory [/Users/natanaelbrentano/Documents/GerenciaWireless/GerenciaWireless/apache-tomcat-9.0.87/webapps/manager] has finished in [18] ms
05-Mar-2026 17:05:28.188 INFORMAÇÕES [main] org.apache.catalina.startup.HostConfig.deployDirectory Diretório de instalação da aplicação web [/Users/natanaelbrentano/Documents/GerenciaWireless/GerenciaWireless/apache-tomcat-9.0.87/webapps/examples]
05-Mar-2026 17:05:28.286 INFORMAÇÕES [main] org.apache.catalina.startup.HostConfig.deployDirectory Deployment of web application directory [/Users/natanaelbrentano/Documents/GerenciaWireless/GerenciaWireless/apache-tomcat-9.0.87/webapps/examples] has finished in [98] ms
05-Mar-2026 17:05:28.286 INFORMAÇÕES [main] org.apache.catalina.startup.HostConfig.deployDirectory Diretório de instalação da aplicação web [/Users/natanaelbrentano/Documents/GerenciaWireless/GerenciaWireless/apache-tomcat-9.0.87/webapps/ROOT]
05-Mar-2026 17:05:28.292 INFORMAÇÕES [main] org.apache.catalina.startup.HostConfig.deployDirectory Deployment of web application directory [/Users/natanaelbrentano/Documents/GerenciaWireless/GerenciaWireless/apache-tomcat-9.0.87/webapps/ROOT] has finished in [6] ms
05-Mar-2026 17:05:28.292 INFORMAÇÕES [main] org.apache.catalina.startup.HostConfig.deployDirectory Diretório de instalação da aplicação web [/Users/natanaelbrentano/Documents/GerenciaWireless/GerenciaWireless/apache-tomcat-9.0.87/webapps/host-manager]
05-Mar-2026 17:05:28.302 INFORMAÇÕES [main] org.apache.catalina.startup.HostConfig.deployDirectory Deployment of web application directory [/Users/natanaelbrentano/Documents/GerenciaWireless/GerenciaWireless/apache-tomcat-9.0.87/webapps/host-manager] has finished in [10] ms
05-Mar-2026 17:05:28.303 INFORMAÇÕES [main] org.apache.coyote.AbstractProtocol.start Starting ProtocolHandler ["http-nio-8080"]
05-Mar-2026 17:05:28.309 INFORMAÇÕES [main] org.apache.catalina.startup.Catalina.start Server startup in [507] milliseconds
